<?xml version="1.0" encoding="UTF-8" ?>
<testsuite tests="4" failures="0" name="com.htmlscraping.app.AnalysisTest" time="3.879" errors="0" skipped="0">
  <properties>
[...]
</properties>
  <testcase classname="com.htmlscraping.app.AnalysisTest" name="testHasLoginForm" time="0.013"/>
  <testcase classname="com.htmlscraping.app.AnalysisTest" name="testGetAllLinks" time="0.003"/>
  <testcase classname="com.htmlscraping.app.AnalysisTest" name="testGetHtmlVersion" time="0.001"/>
  <testcase classname="com.htmlscraping.app.AnalysisTest" name="testGetHeadingGroups" time="0.002"/>
</testsuite>